# JRE version: OpenJDK Runtime Environment (8.0_202-b03) (build 1.8.0_202-release-1483-b03)
# Java VM: OpenJDK 64-Bit Server VM (25.202-b03 mixed mode windows-amd64 compressed oops)
Heap:
 PSYoungGen      total 119296K, used 72031K [0x00000000e0000000, 0x00000000e8180000, 0x0000000100000000)
  eden space 109056K, 58% used [0x00000000e0000000,0x00000000e3e8fcb8,0x00000000e6a80000)
  from space 10240K, 77% used [0x00000000e7780000,0x00000000e7f48180,0x00000000e8180000)
  to   space 11776K, 0% used [0x00000000e6a80000,0x00000000e6a80000,0x00000000e7600000)
 ParOldGen       total 93184K, used 7790K [0x00000000a0000000, 0x00000000a5b00000, 0x00000000e0000000)
  object space 93184K, 8% used [0x00000000a0000000,0x00000000a079b8c0,0x00000000a5b00000)
 Metaspace       used 34499K, capacity 35306K, committed 35456K, reserved 1079296K
  class space    used 4745K, capacity 4948K, committed 4992K, reserved 1048576K
GC Heap History (10 events):
Event: 2.235 GC heap before
{Heap before GC invocations=3 (full 0):
 PSYoungGen      total 76288K, used 75012K [0x00000000e0000000, 0x00000000e5500000, 0x0000000100000000)
  eden space 65536K, 100% used [0x00000000e0000000,0x00000000e4000000,0x00000000e4000000)
  from space 10752K, 88% used [0x00000000e4a80000,0x00000000e53c10e0,0x00000000e5500000)
  to   space 10752K, 0% used [0x00000000e4000000,0x00000000e4000000,0x00000000e4a80000)
 ParOldGen       total 175104K, used 24K [0x00000000a0000000, 0x00000000aab00000, 0x00000000e0000000)
  object space 175104K, 0% used [0x00000000a0000000,0x00000000a0006000,0x00000000aab00000)
 Metaspace       used 19943K, capacity 20438K, committed 20864K, reserved 1067008K
  class space    used 2886K, capacity 3075K, committed 3200K, reserved 1048576K
Event: 2.245 GC heap after
Heap after GC invocations=3 (full 0):
 PSYoungGen      total 76288K, used 10726K [0x00000000e0000000, 0x00000000e5500000, 0x0000000100000000)
  eden space 65536K, 0% used [0x00000000e0000000,0x00000000e0000000,0x00000000e4000000)
  from space 10752K, 99% used [0x00000000e4000000,0x00000000e4a79a30,0x00000000e4a80000)
  to   space 10752K, 0% used [0x00000000e4a80000,0x00000000e4a80000,0x00000000e5500000)
 ParOldGen       total 175104K, used 958K [0x00000000a0000000, 0x00000000aab00000, 0x00000000e0000000)
  object space 175104K, 0% used [0x00000000a0000000,0x00000000a00efbf8,0x00000000aab00000)
 Metaspace       used 19943K, capacity 20438K, committed 20864K, reserved 1067008K
  class space    used 2886K, capacity 3075K, committed 3200K, reserved 1048576K
}
Event: 2.321 GC heap before
{Heap before GC invocations=4 (full 0):
 PSYoungGen      total 76288K, used 15853K [0x00000000e0000000, 0x00000000e5500000, 0x0000000100000000)
  eden space 65536K, 7% used [0x00000000e0000000,0x00000000e0501d50,0x00000000e4000000)
  from space 10752K, 99% used [0x00000000e4000000,0x00000000e4a79a30,0x00000000e4a80000)
  to   space 10752K, 0% used [0x00000000e4a80000,0x00000000e4a80000,0x00000000e5500000)
 ParOldGen       total 175104K, used 958K [0x00000000a0000000, 0x00000000aab00000, 0x00000000e0000000)
  object space 175104K, 0% used [0x00000000a0000000,0x00000000a00efbf8,0x00000000aab00000)
 Metaspace       used 20637K, capacity 21078K, committed 21296K, reserved 1067008K
  class space    used 2963K, capacity 3139K, committed 3200K, reserved 1048576K
Event: 2.328 GC heap after
Heap after GC invocations=4 (full 0):
 PSYoungGen      total 76288K, used 7900K [0x00000000e0000000, 0x00000000e5500000, 0x0000000100000000)
  eden space 65536K, 0% used [0x00000000e0000000,0x00000000e0000000,0x00000000e4000000)
  from space 10752K, 73% used [0x00000000e4a80000,0x00000000e52370f8,0x00000000e5500000)
  to   space 10752K, 0% used [0x00000000e4000000,0x00000000e4000000,0x00000000e4a80000)
 ParOldGen       total 175104K, used 966K [0x00000000a0000000, 0x00000000aab00000, 0x00000000e0000000)
  object space 175104K, 0% used [0x00000000a0000000,0x00000000a00f1bf8,0x00000000aab00000)
 Metaspace       used 20637K, capacity 21078K, committed 21296K, reserved 1067008K
  class space    used 2963K, capacity 3139K, committed 3200K, reserved 1048576K
}
Event: 2.328 GC heap before
{Heap before GC invocations=5 (full 1):
 PSYoungGen      total 76288K, used 7900K [0x00000000e0000000, 0x00000000e5500000, 0x0000000100000000)
  eden space 65536K, 0% used [0x00000000e0000000,0x00000000e0000000,0x00000000e4000000)
  from space 10752K, 73% used [0x00000000e4a80000,0x00000000e52370f8,0x00000000e5500000)
  to   space 10752K, 0% used [0x00000000e4000000,0x00000000e4000000,0x00000000e4a80000)
 ParOldGen       total 175104K, used 966K [0x00000000a0000000, 0x00000000aab00000, 0x00000000e0000000)
  object space 175104K, 0% used [0x00000000a0000000,0x00000000a00f1bf8,0x00000000aab00000)
 Metaspace       used 20637K, capacity 21078K, committed 21296K, reserved 1067008K
  class space    used 2963K, capacity 3139K, committed 3200K, reserved 1048576K
Event: 2.356 GC heap after
Heap after GC invocations=5 (full 1):
 PSYoungGen      total 76288K, used 0K [0x00000000e0000000, 0x00000000e5500000, 0x0000000100000000)
  eden space 65536K, 0% used [0x00000000e0000000,0x00000000e0000000,0x00000000e4000000)
  from space 10752K, 0% used [0x00000000e4a80000,0x00000000e4a80000,0x00000000e5500000)
  to   space 10752K, 0% used [0x00000000e4000000,0x00000000e4000000,0x00000000e4a80000)
 ParOldGen       total 93184K, used 7774K [0x00000000a0000000, 0x00000000a5b00000, 0x00000000e0000000)
  object space 93184K, 8% used [0x00000000a0000000,0x00000000a07978c0,0x00000000a5b00000)
 Metaspace       used 20637K, capacity 21078K, committed 21296K, reserved 1067008K
  class space    used 2963K, capacity 3139K, committed 3200K, reserved 1048576K
}
Event: 3.029 GC heap before
{Heap before GC invocations=6 (full 1):
 PSYoungGen      total 76288K, used 65536K [0x00000000e0000000, 0x00000000e5500000, 0x0000000100000000)
  eden space 65536K, 100% used [0x00000000e0000000,0x00000000e4000000,0x00000000e4000000)
  from space 10752K, 0% used [0x00000000e4a80000,0x00000000e4a80000,0x00000000e5500000)
  to   space 10752K, 0% used [0x00000000e4000000,0x00000000e4000000,0x00000000e4a80000)
 ParOldGen       total 93184K, used 7774K [0x00000000a0000000, 0x00000000a5b00000, 0x00000000e0000000)
  object space 93184K, 8% used [0x00000000a0000000,0x00000000a07978c0,0x00000000a5b00000)
 Metaspace       used 28941K, capacity 29360K, committed 29696K, reserved 1075200K
  class space    used 3890K, capacity 4053K, committed 4096K, reserved 1048576K
Event: 3.037 GC heap after
Heap after GC invocations=6 (full 1):
 PSYoungGen      total 76288K, used 7964K [0x00000000e0000000, 0x00000000e8380000, 0x0000000100000000)
  eden space 65536K, 0% used [0x00000000e0000000,0x00000000e0000000,0x00000000e4000000)
  from space 10752K, 74% used [0x00000000e4000000,0x00000000e47c72a0,0x00000000e4a80000)
  to   space 12288K, 0% used [0x00000000e7780000,0x00000000e7780000,0x00000000e8380000)
 ParOldGen       total 93184K, used 7782K [0x00000000a0000000, 0x00000000a5b00000, 0x00000000e0000000)
  object space 93184K, 8% used [0x00000000a0000000,0x00000000a07998c0,0x00000000a5b00000)
 Metaspace       used 28941K, capacity 29360K, committed 29696K, reserved 1075200K
  class space    used 3890K, capacity 4053K, committed 4096K, reserved 1048576K
}
Event: 3.385 GC heap before
{Heap before GC invocations=7 (full 1):
 PSYoungGen      total 76288K, used 73500K [0x00000000e0000000, 0x00000000e8380000, 0x0000000100000000)
  eden space 65536K, 100% used [0x00000000e0000000,0x00000000e4000000,0x00000000e4000000)
  from space 10752K, 74% used [0x00000000e4000000,0x00000000e47c72a0,0x00000000e4a80000)
  to   space 12288K, 0% used [0x00000000e7780000,0x00000000e7780000,0x00000000e8380000)
 ParOldGen       total 93184K, used 7782K [0x00000000a0000000, 0x00000000a5b00000, 0x00000000e0000000)
  object space 93184K, 8% used [0x00000000a0000000,0x00000000a07998c0,0x00000000a5b00000)
 Metaspace       used 31652K, capacity 32200K, committed 32512K, reserved 1077248K
  class space    used 4340K, capacity 4509K, committed 4608K, reserved 1048576K
Event: 3.391 GC heap after
Heap after GC invocations=7 (full 1):
 PSYoungGen      total 119296K, used 7968K [0x00000000e0000000, 0x00000000e8180000, 0x0000000100000000)
  eden space 109056K, 0% used [0x00000000e0000000,0x00000000e0000000,0x00000000e6a80000)
  from space 10240K, 77% used [0x00000000e7780000,0x00000000e7f48180,0x00000000e8180000)
  to   space 11776K, 0% used [0x00000000e6a80000,0x00000000e6a80000,0x00000000e7600000)
 ParOldGen       total 93184K, used 7790K [0x00000000a0000000, 0x00000000a5b00000, 0x00000000e0000000)
  object space 93184K, 8% used [0x00000000a0000000,0x00000000a079b8c0,0x00000000a5b00000)
 Metaspace       used 31652K, capacity 32200K, committed 32512K, reserved 1077248K
  class space    used 4340K, capacity 4509K, committed 4608K, reserved 1048576K
}

