# JRE version: OpenJDK Runtime Environment (8.0_202-b03) (build 1.8.0_202-release-1483-b03)
# Java VM: OpenJDK 64-Bit Server VM (25.202-b03 mixed mode windows-amd64 compressed oops)
Heap:
 PSYoungGen      total 181760K, used 67602K [0x00000000e0000000, 0x00000000ede00000, 0x0000000100000000)
  eden space 163840K, 31% used [0x00000000e0000000,0x00000000e31a26d8,0x00000000ea000000)
  from space 17920K, 93% used [0x00000000ea000000,0x00000000eb062138,0x00000000eb180000)
  to   space 19456K, 0% used [0x00000000ecb00000,0x00000000ecb00000,0x00000000ede00000)
 ParOldGen       total 164352K, used 29289K [0x00000000a0000000, 0x00000000aa080000, 0x00000000e0000000)
  object space 164352K, 17% used [0x00000000a0000000,0x00000000a1c9a4b8,0x00000000aa080000)
 Metaspace       used 62508K, capacity 65286K, committed 65536K, reserved 1105920K
  class space    used 8533K, capacity 9150K, committed 9216K, reserved 1048576K
GC Heap History (10 events):
Event: 4.222 GC heap before
{Heap before GC invocations=10 (full 2):
 PSYoungGen      total 117760K, used 105984K [0x00000000e0000000, 0x00000000ebf80000, 0x0000000100000000)
  eden space 105984K, 100% used [0x00000000e0000000,0x00000000e6780000,0x00000000e6780000)
  from space 11776K, 0% used [0x00000000e6780000,0x00000000e6780000,0x00000000e7300000)
  to   space 12800K, 0% used [0x00000000eb300000,0x00000000eb300000,0x00000000ebf80000)
 ParOldGen       total 164352K, used 17369K [0x00000000a0000000, 0x00000000aa080000, 0x00000000e0000000)
  object space 164352K, 10% used [0x00000000a0000000,0x00000000a10f6590,0x00000000aa080000)
 Metaspace       used 45270K, capacity 46286K, committed 46592K, reserved 1089536K
  class space    used 6064K, capacity 6337K, committed 6400K, reserved 1048576K
Event: 4.230 GC heap after
Heap after GC invocations=10 (full 2):
 PSYoungGen      total 150528K, used 12784K [0x00000000e0000000, 0x00000000ebf80000, 0x0000000100000000)
  eden space 137728K, 0% used [0x00000000e0000000,0x00000000e0000000,0x00000000e8680000)
  from space 12800K, 99% used [0x00000000eb300000,0x00000000ebf7c2b0,0x00000000ebf80000)
  to   space 14336K, 0% used [0x00000000ea380000,0x00000000ea380000,0x00000000eb180000)
 ParOldGen       total 164352K, used 18507K [0x00000000a0000000, 0x00000000aa080000, 0x00000000e0000000)
  object space 164352K, 11% used [0x00000000a0000000,0x00000000a1212e80,0x00000000aa080000)
 Metaspace       used 45270K, capacity 46286K, committed 46592K, reserved 1089536K
  class space    used 6064K, capacity 6337K, committed 6400K, reserved 1048576K
}
Event: 5.313 GC heap before
{Heap before GC invocations=11 (full 2):
 PSYoungGen      total 150528K, used 150512K [0x00000000e0000000, 0x00000000ebf80000, 0x0000000100000000)
  eden space 137728K, 100% used [0x00000000e0000000,0x00000000e8680000,0x00000000e8680000)
  from space 12800K, 99% used [0x00000000eb300000,0x00000000ebf7c2b0,0x00000000ebf80000)
  to   space 14336K, 0% used [0x00000000ea380000,0x00000000ea380000,0x00000000eb180000)
 ParOldGen       total 164352K, used 18507K [0x00000000a0000000, 0x00000000aa080000, 0x00000000e0000000)
  object space 164352K, 11% used [0x00000000a0000000,0x00000000a1212e80,0x00000000aa080000)
 Metaspace       used 56156K, capacity 57742K, committed 57984K, reserved 1099776K
  class space    used 7667K, capacity 8050K, committed 8064K, reserved 1048576K
Event: 5.328 GC heap after
Heap after GC invocations=11 (full 2):
 PSYoungGen      total 175616K, used 14331K [0x00000000e0000000, 0x00000000ec180000, 0x0000000100000000)
  eden space 161280K, 0% used [0x00000000e0000000,0x00000000e0000000,0x00000000e9d80000)
  from space 14336K, 99% used [0x00000000ea380000,0x00000000eb17ef58,0x00000000eb180000)
  to   space 16384K, 0% used [0x00000000eb180000,0x00000000eb180000,0x00000000ec180000)
 ParOldGen       total 164352K, used 24992K [0x00000000a0000000, 0x00000000aa080000, 0x00000000e0000000)
  object space 164352K, 15% used [0x00000000a0000000,0x00000000a1868358,0x00000000aa080000)
 Metaspace       used 56156K, capacity 57742K, committed 57984K, reserved 1099776K
  class space    used 7667K, capacity 8050K, committed 8064K, reserved 1048576K
}
Event: 5.586 GC heap before
{Heap before GC invocations=12 (full 2):
 PSYoungGen      total 175616K, used 38197K [0x00000000e0000000, 0x00000000ec180000, 0x0000000100000000)
  eden space 161280K, 14% used [0x00000000e0000000,0x00000000e174e700,0x00000000e9d80000)
  from space 14336K, 99% used [0x00000000ea380000,0x00000000eb17ef58,0x00000000eb180000)
  to   space 16384K, 0% used [0x00000000eb180000,0x00000000eb180000,0x00000000ec180000)
 ParOldGen       total 164352K, used 24992K [0x00000000a0000000, 0x00000000aa080000, 0x00000000e0000000)
  object space 164352K, 15% used [0x00000000a0000000,0x00000000a1868358,0x00000000aa080000)
 Metaspace       used 57311K, capacity 59010K, committed 59096K, reserved 1099776K
  class space    used 7808K, capacity 8256K, committed 8320K, reserved 1048576K
Event: 5.595 GC heap after
Heap after GC invocations=12 (full 2):
 PSYoungGen      total 180224K, used 8825K [0x00000000e0000000, 0x00000000edf80000, 0x0000000100000000)
  eden space 163840K, 0% used [0x00000000e0000000,0x00000000e0000000,0x00000000ea000000)
  from space 16384K, 53% used [0x00000000eb180000,0x00000000eba1e508,0x00000000ec180000)
  to   space 17920K, 0% used [0x00000000ea000000,0x00000000ea000000,0x00000000eb180000)
 ParOldGen       total 164352K, used 31132K [0x00000000a0000000, 0x00000000aa080000, 0x00000000e0000000)
  object space 164352K, 18% used [0x00000000a0000000,0x00000000a1e673c0,0x00000000aa080000)
 Metaspace       used 57311K, capacity 59010K, committed 59096K, reserved 1099776K
  class space    used 7808K, capacity 8256K, committed 8320K, reserved 1048576K
}
Event: 5.595 GC heap before
{Heap before GC invocations=13 (full 3):
 PSYoungGen      total 180224K, used 8825K [0x00000000e0000000, 0x00000000edf80000, 0x0000000100000000)
  eden space 163840K, 0% used [0x00000000e0000000,0x00000000e0000000,0x00000000ea000000)
  from space 16384K, 53% used [0x00000000eb180000,0x00000000eba1e508,0x00000000ec180000)
  to   space 17920K, 0% used [0x00000000ea000000,0x00000000ea000000,0x00000000eb180000)
 ParOldGen       total 164352K, used 31132K [0x00000000a0000000, 0x00000000aa080000, 0x00000000e0000000)
  object space 164352K, 18% used [0x00000000a0000000,0x00000000a1e673c0,0x00000000aa080000)
 Metaspace       used 57311K, capacity 59010K, committed 59096K, reserved 1099776K
  class space    used 7808K, capacity 8256K, committed 8320K, reserved 1048576K
Event: 5.777 GC heap after
Heap after GC invocations=13 (full 3):
 PSYoungGen      total 180224K, used 0K [0x00000000e0000000, 0x00000000edf80000, 0x0000000100000000)
  eden space 163840K, 0% used [0x00000000e0000000,0x00000000e0000000,0x00000000ea000000)
  from space 16384K, 0% used [0x00000000eb180000,0x00000000eb180000,0x00000000ec180000)
  to   space 17920K, 0% used [0x00000000ea000000,0x00000000ea000000,0x00000000eb180000)
 ParOldGen       total 164352K, used 29281K [0x00000000a0000000, 0x00000000aa080000, 0x00000000e0000000)
  object space 164352K, 17% used [0x00000000a0000000,0x00000000a1c984b8,0x00000000aa080000)
 Metaspace       used 57311K, capacity 59010K, committed 59096K, reserved 1099776K
  class space    used 7808K, capacity 8256K, committed 8320K, reserved 1048576K
}
Event: 7.014 GC heap before
{Heap before GC invocations=14 (full 3):
 PSYoungGen      total 180224K, used 163840K [0x00000000e0000000, 0x00000000edf80000, 0x0000000100000000)
  eden space 163840K, 100% used [0x00000000e0000000,0x00000000ea000000,0x00000000ea000000)
  from space 16384K, 0% used [0x00000000eb180000,0x00000000eb180000,0x00000000ec180000)
  to   space 17920K, 0% used [0x00000000ea000000,0x00000000ea000000,0x00000000eb180000)
 ParOldGen       total 164352K, used 29281K [0x00000000a0000000, 0x00000000aa080000, 0x00000000e0000000)
  object space 164352K, 17% used [0x00000000a0000000,0x00000000a1c984b8,0x00000000aa080000)
 Metaspace       used 61801K, capacity 64484K, committed 64640K, reserved 1105920K
  class space    used 8472K, capacity 9059K, committed 9088K, reserved 1048576K
Event: 7.026 GC heap after
Heap after GC invocations=14 (full 3):
 PSYoungGen      total 181760K, used 16776K [0x00000000e0000000, 0x00000000ede00000, 0x0000000100000000)
  eden space 163840K, 0% used [0x00000000e0000000,0x00000000e0000000,0x00000000ea000000)
  from space 17920K, 93% used [0x00000000ea000000,0x00000000eb062138,0x00000000eb180000)
  to   space 19456K, 0% used [0x00000000ecb00000,0x00000000ecb00000,0x00000000ede00000)
 ParOldGen       total 164352K, used 29289K [0x00000000a0000000, 0x00000000aa080000, 0x00000000e0000000)
  object space 164352K, 17% used [0x00000000a0000000,0x00000000a1c9a4b8,0x00000000aa080000)
 Metaspace       used 61801K, capacity 64484K, committed 64640K, reserved 1105920K
  class space    used 8472K, capacity 9059K, committed 9088K, reserved 1048576K
}

