# JRE version: OpenJDK Runtime Environment (8.0_202-b03) (build 1.8.0_202-release-1483-b03)
# Java VM: OpenJDK 64-Bit Server VM (25.202-b03 mixed mode windows-amd64 compressed oops)
Heap:
 PSYoungGen      total 162304K, used 40118K [0x00000000e0000000, 0x00000000ebb80000, 0x0000000100000000)
  eden space 150528K, 18% used [0x00000000e0000000,0x00000000e1bb5790,0x00000000e9300000)
  from space 11776K, 99% used [0x00000000eb000000,0x00000000ebb782a0,0x00000000ebb80000)
  to   space 14336K, 0% used [0x00000000e9f80000,0x00000000e9f80000,0x00000000ead80000)
 ParOldGen       total 152576K, used 45039K [0x00000000a0000000, 0x00000000a9500000, 0x00000000e0000000)
  object space 152576K, 29% used [0x00000000a0000000,0x00000000a2bfbcb8,0x00000000a9500000)
 Metaspace       used 65413K, capacity 68326K, committed 68392K, reserved 1107968K
  class space    used 8840K, capacity 9488K, committed 9512K, reserved 1048576K
GC Heap History (10 events):
Event: 5.601 GC heap before
{Heap before GC invocations=11 (full 2):
 PSYoungGen      total 162304K, used 162289K [0x00000000e0000000, 0x00000000ebb80000, 0x0000000100000000)
  eden space 150528K, 100% used [0x00000000e0000000,0x00000000e9300000,0x00000000e9300000)
  from space 11776K, 99% used [0x00000000eb000000,0x00000000ebb7c668,0x00000000ebb80000)
  to   space 14336K, 0% used [0x00000000e9f80000,0x00000000e9f80000,0x00000000ead80000)
 ParOldGen       total 152576K, used 19211K [0x00000000a0000000, 0x00000000a9500000, 0x00000000e0000000)
  object space 152576K, 12% used [0x00000000a0000000,0x00000000a12c2e78,0x00000000a9500000)
 Metaspace       used 56691K, capacity 58422K, committed 58664K, reserved 1099776K
  class space    used 7755K, capacity 8212K, committed 8232K, reserved 1048576K
Event: 5.616 GC heap after
Heap after GC invocations=11 (full 2):
 PSYoungGen      total 164864K, used 14314K [0x00000000e0000000, 0x00000000ebb80000, 0x0000000100000000)
  eden space 150528K, 0% used [0x00000000e0000000,0x00000000e0000000,0x00000000e9300000)
  from space 14336K, 99% used [0x00000000e9f80000,0x00000000ead7aa50,0x00000000ead80000)
  to   space 11776K, 0% used [0x00000000eb000000,0x00000000eb000000,0x00000000ebb80000)
 ParOldGen       total 152576K, used 27816K [0x00000000a0000000, 0x00000000a9500000, 0x00000000e0000000)
  object space 152576K, 18% used [0x00000000a0000000,0x00000000a1b2a350,0x00000000a9500000)
 Metaspace       used 56691K, capacity 58422K, committed 58664K, reserved 1099776K
  class space    used 7755K, capacity 8212K, committed 8232K, reserved 1048576K
}
Event: 5.744 GC heap before
{Heap before GC invocations=12 (full 2):
 PSYoungGen      total 164864K, used 25791K [0x00000000e0000000, 0x00000000ebb80000, 0x0000000100000000)
  eden space 150528K, 7% used [0x00000000e0000000,0x00000000e0b35418,0x00000000e9300000)
  from space 14336K, 99% used [0x00000000e9f80000,0x00000000ead7aa50,0x00000000ead80000)
  to   space 11776K, 0% used [0x00000000eb000000,0x00000000eb000000,0x00000000ebb80000)
 ParOldGen       total 152576K, used 27816K [0x00000000a0000000, 0x00000000a9500000, 0x00000000e0000000)
  object space 152576K, 18% used [0x00000000a0000000,0x00000000a1b2a350,0x00000000a9500000)
 Metaspace       used 57233K, capacity 59122K, committed 59160K, reserved 1099776K
  class space    used 7840K, capacity 8342K, committed 8360K, reserved 1048576K
Event: 5.756 GC heap after
Heap after GC invocations=12 (full 2):
 PSYoungGen      total 162304K, used 8058K [0x00000000e0000000, 0x00000000ebb80000, 0x0000000100000000)
  eden space 150528K, 0% used [0x00000000e0000000,0x00000000e0000000,0x00000000e9300000)
  from space 11776K, 68% used [0x00000000eb000000,0x00000000eb7dea28,0x00000000ebb80000)
  to   space 14336K, 0% used [0x00000000e9f80000,0x00000000e9f80000,0x00000000ead80000)
 ParOldGen       total 152576K, used 34576K [0x00000000a0000000, 0x00000000a9500000, 0x00000000e0000000)
  object space 152576K, 22% used [0x00000000a0000000,0x00000000a21c43b8,0x00000000a9500000)
 Metaspace       used 57233K, capacity 59122K, committed 59160K, reserved 1099776K
  class space    used 7840K, capacity 8342K, committed 8360K, reserved 1048576K
}
Event: 5.756 GC heap before
{Heap before GC invocations=13 (full 3):
 PSYoungGen      total 162304K, used 8058K [0x00000000e0000000, 0x00000000ebb80000, 0x0000000100000000)
  eden space 150528K, 0% used [0x00000000e0000000,0x00000000e0000000,0x00000000e9300000)
  from space 11776K, 68% used [0x00000000eb000000,0x00000000eb7dea28,0x00000000ebb80000)
  to   space 14336K, 0% used [0x00000000e9f80000,0x00000000e9f80000,0x00000000ead80000)
 ParOldGen       total 152576K, used 34576K [0x00000000a0000000, 0x00000000a9500000, 0x00000000e0000000)
  object space 152576K, 22% used [0x00000000a0000000,0x00000000a21c43b8,0x00000000a9500000)
 Metaspace       used 57233K, capacity 59122K, committed 59160K, reserved 1099776K
  class space    used 7840K, capacity 8342K, committed 8360K, reserved 1048576K
Event: 5.930 GC heap after
Heap after GC invocations=13 (full 3):
 PSYoungGen      total 162304K, used 0K [0x00000000e0000000, 0x00000000ebb80000, 0x0000000100000000)
  eden space 150528K, 0% used [0x00000000e0000000,0x00000000e0000000,0x00000000e9300000)
  from space 11776K, 0% used [0x00000000eb000000,0x00000000eb000000,0x00000000ebb80000)
  to   space 14336K, 0% used [0x00000000e9f80000,0x00000000e9f80000,0x00000000ead80000)
 ParOldGen       total 152576K, used 28273K [0x00000000a0000000, 0x00000000a9500000, 0x00000000e0000000)
  object space 152576K, 18% used [0x00000000a0000000,0x00000000a1b9c660,0x00000000a9500000)
 Metaspace       used 57233K, capacity 59122K, committed 59160K, reserved 1099776K
  class space    used 7840K, capacity 8342K, committed 8360K, reserved 1048576K
}
Event: 7.901 GC heap before
{Heap before GC invocations=14 (full 3):
 PSYoungGen      total 162304K, used 150528K [0x00000000e0000000, 0x00000000ebb80000, 0x0000000100000000)
  eden space 150528K, 100% used [0x00000000e0000000,0x00000000e9300000,0x00000000e9300000)
  from space 11776K, 0% used [0x00000000eb000000,0x00000000eb000000,0x00000000ebb80000)
  to   space 14336K, 0% used [0x00000000e9f80000,0x00000000e9f80000,0x00000000ead80000)
 ParOldGen       total 152576K, used 28273K [0x00000000a0000000, 0x00000000a9500000, 0x00000000e0000000)
  object space 152576K, 18% used [0x00000000a0000000,0x00000000a1b9c660,0x00000000a9500000)
 Metaspace       used 61048K, capacity 63804K, committed 64168K, reserved 1103872K
  class space    used 8417K, capacity 9009K, committed 9128K, reserved 1048576K
Event: 7.908 GC heap after
Heap after GC invocations=14 (full 3):
 PSYoungGen      total 164864K, used 13274K [0x00000000e0000000, 0x00000000ebb80000, 0x0000000100000000)
  eden space 150528K, 0% used [0x00000000e0000000,0x00000000e0000000,0x00000000e9300000)
  from space 14336K, 92% used [0x00000000e9f80000,0x00000000eac76a10,0x00000000ead80000)
  to   space 11776K, 0% used [0x00000000eb000000,0x00000000eb000000,0x00000000ebb80000)
 ParOldGen       total 152576K, used 28281K [0x00000000a0000000, 0x00000000a9500000, 0x00000000e0000000)
  object space 152576K, 18% used [0x00000000a0000000,0x00000000a1b9e660,0x00000000a9500000)
 Metaspace       used 61048K, capacity 63804K, committed 64168K, reserved 1103872K
  class space    used 8417K, capacity 9009K, committed 9128K, reserved 1048576K
}
Event: 9.418 GC heap before
{Heap before GC invocations=15 (full 3):
 PSYoungGen      total 164864K, used 163802K [0x00000000e0000000, 0x00000000ebb80000, 0x0000000100000000)
  eden space 150528K, 100% used [0x00000000e0000000,0x00000000e9300000,0x00000000e9300000)
  from space 14336K, 92% used [0x00000000e9f80000,0x00000000eac76a10,0x00000000ead80000)
  to   space 11776K, 0% used [0x00000000eb000000,0x00000000eb000000,0x00000000ebb80000)
 ParOldGen       total 152576K, used 28288K [0x00000000a0000000, 0x00000000a9500000, 0x00000000e0000000)
  object space 152576K, 18% used [0x00000000a0000000,0x00000000a1ba02b8,0x00000000a9500000)
 Metaspace       used 65301K, capacity 68224K, committed 68392K, reserved 1107968K
  class space    used 8833K, capacity 9455K, committed 9512K, reserved 1048576K
Event: 9.436 GC heap after
Heap after GC invocations=15 (full 3):
 PSYoungGen      total 162304K, used 11744K [0x00000000e0000000, 0x00000000ebb80000, 0x0000000100000000)
  eden space 150528K, 0% used [0x00000000e0000000,0x00000000e0000000,0x00000000e9300000)
  from space 11776K, 99% used [0x00000000eb000000,0x00000000ebb782a0,0x00000000ebb80000)
  to   space 14336K, 0% used [0x00000000e9f80000,0x00000000e9f80000,0x00000000ead80000)
 ParOldGen       total 152576K, used 45039K [0x00000000a0000000, 0x00000000a9500000, 0x00000000e0000000)
  object space 152576K, 29% used [0x00000000a0000000,0x00000000a2bfbcb8,0x00000000a9500000)
 Metaspace       used 65301K, capacity 68224K, committed 68392K, reserved 1107968K
  class space    used 8833K, capacity 9455K, committed 9512K, reserved 1048576K
}

