# JRE version: OpenJDK Runtime Environment (8.0_202-b03) (build 1.8.0_202-release-1483-b03)
# Java VM: OpenJDK 64-Bit Server VM (25.202-b03 mixed mode windows-amd64 compressed oops)
Heap:
 PSYoungGen      total 248832K, used 175755K [0x00000000e0000000, 0x00000000f0380000, 0x0000000100000000)
  eden space 237056K, 74% used [0x00000000e0000000,0x00000000eaba2e08,0x00000000ee780000)
  from space 11776K, 0% used [0x00000000ef800000,0x00000000ef800000,0x00000000f0380000)
  to   space 14336K, 0% used [0x00000000ee780000,0x00000000ee780000,0x00000000ef580000)
 ParOldGen       total 119808K, used 17835K [0x00000000a0000000, 0x00000000a7500000, 0x00000000e0000000)
  object space 119808K, 14% used [0x00000000a0000000,0x00000000a116aeb8,0x00000000a7500000)
 Metaspace       used 50231K, capacity 51654K, committed 51712K, reserved 1093632K
  class space    used 6784K, capacity 7168K, committed 7168K, reserved 1048576K
GC Heap History (10 events):
Event: 3.535 GC heap before
{Heap before GC invocations=4 (full 0):
 PSYoungGen      total 76288K, used 15846K [0x00000000e0000000, 0x00000000e9500000, 0x0000000100000000)
  eden space 65536K, 7% used [0x00000000e0000000,0x00000000e0500ef0,0x00000000e4000000)
  from space 10752K, 99% used [0x00000000e4000000,0x00000000e4a78c50,0x00000000e4a80000)
  to   space 10752K, 0% used [0x00000000e8a80000,0x00000000e8a80000,0x00000000e9500000)
 ParOldGen       total 175104K, used 933K [0x00000000a0000000, 0x00000000aab00000, 0x00000000e0000000)
  object space 175104K, 0% used [0x00000000a0000000,0x00000000a00e95d8,0x00000000aab00000)
 Metaspace       used 20652K, capacity 21078K, committed 21296K, reserved 1067008K
  class space    used 2968K, capacity 3139K, committed 3200K, reserved 1048576K
Event: 3.543 GC heap after
Heap after GC invocations=4 (full 0):
 PSYoungGen      total 141824K, used 7922K [0x00000000e0000000, 0x00000000e9500000, 0x0000000100000000)
  eden space 131072K, 0% used [0x00000000e0000000,0x00000000e0000000,0x00000000e8000000)
  from space 10752K, 73% used [0x00000000e8a80000,0x00000000e923c818,0x00000000e9500000)
  to   space 10752K, 0% used [0x00000000e8000000,0x00000000e8000000,0x00000000e8a80000)
 ParOldGen       total 175104K, used 941K [0x00000000a0000000, 0x00000000aab00000, 0x00000000e0000000)
  object space 175104K, 0% used [0x00000000a0000000,0x00000000a00eb5d8,0x00000000aab00000)
 Metaspace       used 20652K, capacity 21078K, committed 21296K, reserved 1067008K
  class space    used 2968K, capacity 3139K, committed 3200K, reserved 1048576K
}
Event: 3.543 GC heap before
{Heap before GC invocations=5 (full 1):
 PSYoungGen      total 141824K, used 7922K [0x00000000e0000000, 0x00000000e9500000, 0x0000000100000000)
  eden space 131072K, 0% used [0x00000000e0000000,0x00000000e0000000,0x00000000e8000000)
  from space 10752K, 73% used [0x00000000e8a80000,0x00000000e923c818,0x00000000e9500000)
  to   space 10752K, 0% used [0x00000000e8000000,0x00000000e8000000,0x00000000e8a80000)
 ParOldGen       total 175104K, used 941K [0x00000000a0000000, 0x00000000aab00000, 0x00000000e0000000)
  object space 175104K, 0% used [0x00000000a0000000,0x00000000a00eb5d8,0x00000000aab00000)
 Metaspace       used 20652K, capacity 21078K, committed 21296K, reserved 1067008K
  class space    used 2968K, capacity 3139K, committed 3200K, reserved 1048576K
Event: 3.573 GC heap after
Heap after GC invocations=5 (full 1):
 PSYoungGen      total 141824K, used 0K [0x00000000e0000000, 0x00000000e9500000, 0x0000000100000000)
  eden space 131072K, 0% used [0x00000000e0000000,0x00000000e0000000,0x00000000e8000000)
  from space 10752K, 0% used [0x00000000e8a80000,0x00000000e8a80000,0x00000000e9500000)
  to   space 10752K, 0% used [0x00000000e8000000,0x00000000e8000000,0x00000000e8a80000)
 ParOldGen       total 83968K, used 7783K [0x00000000a0000000, 0x00000000a5200000, 0x00000000e0000000)
  object space 83968K, 9% used [0x00000000a0000000,0x00000000a0799e58,0x00000000a5200000)
 Metaspace       used 20652K, capacity 21078K, committed 21296K, reserved 1067008K
  class space    used 2968K, capacity 3139K, committed 3200K, reserved 1048576K
}
Event: 4.583 GC heap before
{Heap before GC invocations=6 (full 1):
 PSYoungGen      total 141824K, used 131072K [0x00000000e0000000, 0x00000000e9500000, 0x0000000100000000)
  eden space 131072K, 100% used [0x00000000e0000000,0x00000000e8000000,0x00000000e8000000)
  from space 10752K, 0% used [0x00000000e8a80000,0x00000000e8a80000,0x00000000e9500000)
  to   space 10752K, 0% used [0x00000000e8000000,0x00000000e8000000,0x00000000e8a80000)
 ParOldGen       total 83968K, used 7783K [0x00000000a0000000, 0x00000000a5200000, 0x00000000e0000000)
  object space 83968K, 9% used [0x00000000a0000000,0x00000000a0799e58,0x00000000a5200000)
 Metaspace       used 31481K, capacity 31976K, committed 32128K, reserved 1077248K
  class space    used 4315K, capacity 4477K, committed 4480K, reserved 1048576K
Event: 4.593 GC heap after
Heap after GC invocations=6 (full 1):
 PSYoungGen      total 141824K, used 10746K [0x00000000e0000000, 0x00000000f0600000, 0x0000000100000000)
  eden space 131072K, 0% used [0x00000000e0000000,0x00000000e0000000,0x00000000e8000000)
  from space 10752K, 99% used [0x00000000e8000000,0x00000000e8a7eaf8,0x00000000e8a80000)
  to   space 14336K, 0% used [0x00000000ef800000,0x00000000ef800000,0x00000000f0600000)
 ParOldGen       total 83968K, used 9223K [0x00000000a0000000, 0x00000000a5200000, 0x00000000e0000000)
  object space 83968K, 10% used [0x00000000a0000000,0x00000000a0901e60,0x00000000a5200000)
 Metaspace       used 31481K, capacity 31976K, committed 32128K, reserved 1077248K
  class space    used 4315K, capacity 4477K, committed 4480K, reserved 1048576K
}
Event: 5.056 GC heap before
{Heap before GC invocations=7 (full 1):
 PSYoungGen      total 141824K, used 81465K [0x00000000e0000000, 0x00000000f0600000, 0x0000000100000000)
  eden space 131072K, 53% used [0x00000000e0000000,0x00000000e450faf8,0x00000000e8000000)
  from space 10752K, 99% used [0x00000000e8000000,0x00000000e8a7eaf8,0x00000000e8a80000)
  to   space 14336K, 0% used [0x00000000ef800000,0x00000000ef800000,0x00000000f0600000)
 ParOldGen       total 83968K, used 9223K [0x00000000a0000000, 0x00000000a5200000, 0x00000000e0000000)
  object space 83968K, 10% used [0x00000000a0000000,0x00000000a0901e60,0x00000000a5200000)
 Metaspace       used 34540K, capacity 35438K, committed 35456K, reserved 1079296K
  class space    used 4753K, capacity 4986K, committed 4992K, reserved 1048576K
Event: 5.067 GC heap after
Heap after GC invocations=7 (full 1):
 PSYoungGen      total 248832K, used 10776K [0x00000000e0000000, 0x00000000f0380000, 0x0000000100000000)
  eden space 237056K, 0% used [0x00000000e0000000,0x00000000e0000000,0x00000000ee780000)
  from space 11776K, 91% used [0x00000000ef800000,0x00000000f02863b8,0x00000000f0380000)
  to   space 14336K, 0% used [0x00000000ee780000,0x00000000ee780000,0x00000000ef580000)
 ParOldGen       total 83968K, used 9231K [0x00000000a0000000, 0x00000000a5200000, 0x00000000e0000000)
  object space 83968K, 10% used [0x00000000a0000000,0x00000000a0903e60,0x00000000a5200000)
 Metaspace       used 34540K, capacity 35438K, committed 35456K, reserved 1079296K
  class space    used 4753K, capacity 4986K, committed 4992K, reserved 1048576K
}
Event: 5.067 GC heap before
{Heap before GC invocations=8 (full 2):
 PSYoungGen      total 248832K, used 10776K [0x00000000e0000000, 0x00000000f0380000, 0x0000000100000000)
  eden space 237056K, 0% used [0x00000000e0000000,0x00000000e0000000,0x00000000ee780000)
  from space 11776K, 91% used [0x00000000ef800000,0x00000000f02863b8,0x00000000f0380000)
  to   space 14336K, 0% used [0x00000000ee780000,0x00000000ee780000,0x00000000ef580000)
 ParOldGen       total 83968K, used 9231K [0x00000000a0000000, 0x00000000a5200000, 0x00000000e0000000)
  object space 83968K, 10% used [0x00000000a0000000,0x00000000a0903e60,0x00000000a5200000)
 Metaspace       used 34540K, capacity 35438K, committed 35456K, reserved 1079296K
  class space    used 4753K, capacity 4986K, committed 4992K, reserved 1048576K
Event: 5.108 GC heap after
Heap after GC invocations=8 (full 2):
 PSYoungGen      total 248832K, used 0K [0x00000000e0000000, 0x00000000f0380000, 0x0000000100000000)
  eden space 237056K, 0% used [0x00000000e0000000,0x00000000e0000000,0x00000000ee780000)
  from space 11776K, 0% used [0x00000000ef800000,0x00000000ef800000,0x00000000f0380000)
  to   space 14336K, 0% used [0x00000000ee780000,0x00000000ee780000,0x00000000ef580000)
 ParOldGen       total 119808K, used 17835K [0x00000000a0000000, 0x00000000a7500000, 0x00000000e0000000)
  object space 119808K, 14% used [0x00000000a0000000,0x00000000a116aeb8,0x00000000a7500000)
 Metaspace       used 34517K, capacity 35360K, committed 35456K, reserved 1079296K
  class space    used 4746K, capacity 4973K, committed 4992K, reserved 1048576K
}

